14/05/2021 09:53:57 - 0.1.1 - 0.1.1 - main
14/05/2021 09:51:57 -  -  - main
13/05/2021 23:25:47 -  -  - main
13/05/2021 23:25:02 - 0.1.1 - 0.1.1 - main
13/05/2021 23:23:57 - 0.1.1 - 0.1.1 - main
13/05/2021 23:21:52 - 0.1.0 - 0.1.0 - main
13/05/2021 23:20:45 - 0.1.0 - 0.1.0 - main
13/05/2021 23:20:34 - 0.1.0 - 0.1.0 - main
13/05/2021 23:20:03 - 0.1.0-release.1 - 0.1.0-release00001 - release
13/05/2021 23:18:27 - 6.0.1-release.1 - 6.0.1-release0001 - release
13/05/2021 23:18:09 - 6.0.1 - 6.0.1 - main
13/05/2021 23:16:04 - 6.0.1-release.1 - 6.0.1-release0001 - release
13/05/2021 23:15:47 - 6.0.1 - 6.0.1 - main
13/05/2021 23:15:07 - 6.0.1 - 6.0.1 - main
13/05/2021 23:14:34 - 6.0.1 - 6.0.1 - main
13/05/2021 23:13:35 - 6.0.1-release.1 - 6.0.1-release0001 - release
13/05/2021 23:12:15 - 6.0.1 - 6.0.1 - main
13/05/2021 23:08:35 - 6.0.1 - 6.0.1 - main
13/05/2021 23:08:26 - 6.0.1 - 6.0.1 - main
13/05/2021 23:06:42 - 6.0.1 - 6.0.1 - main
13/05/2021 23:05:12 - 6.0.1-main.1 - 6.0.1-main0001 - main
13/05/2021 17:05:04 - 0.1.0-ci.51 - 0.1.0-ci00051 - main
13/05/2021 17:04:37 - 0.1.0-dev.50 - 0.1.0-dev00050 - development
13/05/2021 17:02:55 - 0.1.0-dev.47 - 0.1.0-dev00047 - development
13/05/2021 17:00:34 - 0.1.0-ci.47 - 0.1.0-ci0047 - main
13/05/2021 17:00:05 - 0.1.0-dev.46 - 0.1.0-dev0046 - development
13/05/2021 16:59:44 - 0.1.0-ci.45 - 0.1.0-ci0045 - main
13/05/2021 16:52:11 - 0.1.0-ci.44 - 0.1.0-ci0044 - main
13/05/2021 16:51:49 - 0.1.0-rc.43 - 0.1.0-rc0043 - release
13/05/2021 16:51:29 - 0.1.0-ci.42 - 0.1.0-ci0042 - main
13/05/2021 16:43:20 - 0.1.0-ci.41 - 0.1.0-ci0041 - main
13/05/2021 16:42:04 - 0.1.0-ci.40 - 0.1.0-ci0040 - main
13/05/2021 16:40:01 - 0.1.0-ci.37 - 0.1.0-ci0037 - main
13/05/2021 16:18:05 - 0.1.0-ci.36 - 0.1.0-ci0036 - main
13/05/2021 16:40:19 - 0.1.0-ft.36 - 0.1.0-ft0036 - feature/testing
13/05/2021 16:17:13 - 0.1.0-ft.35 - 0.1.0-ft0035 - feature/testing
13/05/2021 16:16:47 - 0.1.0-ci.34 - 0.1.0-ci0034 - main
13/05/2021 16:08:00 - 0.1.0-main.29 - 0.1.0-main0029 - main
13/05/2021 15:51:27 -  -  - development
13/05/2021 13:54:31 - 0.1.0-dev.29 - 0.1.0-dev29 - development
13/05/2021 13:54:16 - 0.1.0-main.28 - 0.1.0-main28 - main
13/05/2021 13:52:04 - 0.1.0-main.27 - 0.1.0-main27 - main
13/05/2021 13:45:19 - 0.1.0-main.26 - 0.1.0-main26 - main
13/05/2021 13:43:03 - 0.1.0-main.25 - 0.1.0-main25 - main
13/05/2021 13:39:36 -  -  - main
13/05/2021 13:38:12 -  -  - main
13/05/2021 13:37:36 -  -  - main
13/05/2021 13:21:53 -  -  - main
13/05/2021 09:45:13 - 0.1.0 - 0.1.0 - main
13/05/2021 09:43:44 - 0.1.0-RC.1 - 0.1.0-rc1 - release
13/05/2021 09:43:35 - 0.1.0-RC.0 - 0.1.0-rc0 - release
13/05/2021 09:43:09 - 0.1.0 - 0.1.0 - main
13/05/2021 09:38:11 - 0.1.0 - 0.1.0 - main
13/05/2021 09:28:18 - 0.1.0 - 0.1.0 - main
13/05/2021 09:27:34 - 0.1.0-hotfix.0 - 0.1.0-hotfix0 - hotfix
12/05/2021 22:53:11 - 0.1.0 - 0.1.0 - main
12/05/2021 22:51:44 - 0.1.0 - 0.1.0 - main
###
